#
# There is insufficient memory for the Java Runtime Environment to continue.
# Native memory allocation (malloc) failed to allocate 725136 bytes for Chunk::new
# Possible reasons:
#   The system is out of physical RAM or swap space
#   The process is running with CompressedOops enabled, and the Java Heap may be blocking the growth of the native heap
# Possible solutions:
#   Reduce memory load on the system
#   Increase physical memory or swap space
#   Check if swap backing store is full
#   Decrease Java heap size (-Xmx/-Xms)
#   Decrease number of Java threads
#   Decrease Java thread stack sizes (-Xss)
#   Set larger code cache with -XX:ReservedCodeCacheSize=
#   JVM is running with Zero Based Compressed Oops mode in which the Java heap is
#     placed in the first 32GB address space. The Java Heap base address is the
#     maximum limit for the native heap growth. Please use -XX:HeapBaseMinAddress
#     to set the Java Heap base and to place the Java Heap above 32GB virtual address.
# This output file may be truncated or incomplete.
#
#  Out of Memory Error (./src/hotspot/share/memory/arena.cpp:197), pid=23092, tid=23016
#
# JRE version: OpenJDK Runtime Environment (11.0.13) (build 11.0.13+0-b1751.21-8125866)
# Java VM: OpenJDK 64-Bit Server VM (11.0.13+0-b1751.21-8125866, mixed mode, tiered, compressed oops, g1 gc, windows-amd64)
# No core dump will be written. Minidumps are not enabled by default on client versions of Windows
#

---------------  S U M M A R Y ------------

Command Line: org.jetbrains.kotlin.cli.jvm.K2JVMCompiler @C:\Users\Admin\Documents\Aut2022\LOG3900 - Projet devolution d'un logiciel\implementation\LOG3900-110\prototypeLeger\app\build\20221116_730855907174273203.compiler.options

Host: Intel(R) Core(TM) i7-10510U CPU @ 1.80GHz, 8 cores, 11G,  Windows 10 , 64 bit Build 19041 (10.0.19041.2251)
Time: Wed Nov 16 12:47:06 2022 Est elapsed time: 21.716374 seconds (0d 0h 0m 21s)

---------------  T H R E A D  ---------------

Current thread (0x000001e8614df800):  JavaThread "C2 CompilerThread1" daemon [_thread_in_native, id=23016, stack(0x0000008a7cb00000,0x0000008a7cc00000)]


Current CompileTask:
C2:  21716 12769       4       org.jetbrains.kotlin.com.intellij.lang.java.lexer.JavaLexer::locateToken (548 bytes)

Stack: [0x0000008a7cb00000,0x0000008a7cc00000]
Native frames: (J=compiled Java code, j=interpreted, Vv=VM code, C=native code)
V  [jvm.dll+0x6100fa]
V  [jvm.dll+0x747090]
V  [jvm.dll+0x7486ad]
V  [jvm.dll+0x748d83]
V  [jvm.dll+0x24ab48]
V  [jvm.dll+0xc04dc]
V  [jvm.dll+0xc0a0c]
V  [jvm.dll+0x35eb9d]
V  [jvm.dll+0x32b833]
V  [jvm.dll+0x32ad2a]
V  [jvm.dll+0x2032b2]
V  [jvm.dll+0x202437]
V  [jvm.dll+0x188e01]
V  [jvm.dll+0x21106b]
V  [jvm.dll+0x20f8c1]
V  [jvm.dll+0x70de0f]
V  [jvm.dll+0x706a75]
V  [jvm.dll+0x60ed66]
C  [ucrtbase.dll+0x21bb2]
C  [KERNEL32.DLL+0x174b4]
C  [ntdll.dll+0x526a1]


---------------  P R O C E S S  ---------------

Threads class SMR info:
_java_thread_list=0x000001e8640a1d20, length=12, elements={
0x000001e84273b000, 0x000001e85ffc1800, 0x000001e85ffcc000, 0x000001e85ffd9800,
0x000001e85ffdc000, 0x000001e85ffdf000, 0x000001e85ffe4000, 0x000001e86003c000,
0x000001e86005d800, 0x000001e8601a3800, 0x000001e8614df800, 0x000001e8634ea800
}

Java Threads: ( => current thread )
  0x000001e84273b000 JavaThread "main" [_thread_in_native, id=22556, stack(0x0000008a7b600000,0x0000008a7b700000)]
  0x000001e85ffc1800 JavaThread "Reference Handler" daemon [_thread_blocked, id=30160, stack(0x0000008a7bd00000,0x0000008a7be00000)]
  0x000001e85ffcc000 JavaThread "Finalizer" daemon [_thread_blocked, id=22252, stack(0x0000008a7be00000,0x0000008a7bf00000)]
  0x000001e85ffd9800 JavaThread "Signal Dispatcher" daemon [_thread_blocked, id=8652, stack(0x0000008a7bf00000,0x0000008a7c000000)]
  0x000001e85ffdc000 JavaThread "Attach Listener" daemon [_thread_blocked, id=15500, stack(0x0000008a7c000000,0x0000008a7c100000)]
  0x000001e85ffdf000 JavaThread "Service Thread" daemon [_thread_blocked, id=16996, stack(0x0000008a7c100000,0x0000008a7c200000)]
  0x000001e85ffe4000 JavaThread "C2 CompilerThread0" daemon [_thread_in_native, id=19924, stack(0x0000008a7c200000,0x0000008a7c300000)]
  0x000001e86003c000 JavaThread "C1 CompilerThread0" daemon [_thread_blocked, id=25784, stack(0x0000008a7c300000,0x0000008a7c400000)]
  0x000001e86005d800 JavaThread "Sweeper thread" daemon [_thread_blocked, id=15580, stack(0x0000008a7c400000,0x0000008a7c500000)]
  0x000001e8601a3800 JavaThread "Common-Cleaner" daemon [_thread_blocked, id=26988, stack(0x0000008a7c600000,0x0000008a7c700000)]
=>0x000001e8614df800 JavaThread "C2 CompilerThread1" daemon [_thread_in_native, id=23016, stack(0x0000008a7cb00000,0x0000008a7cc00000)]
  0x000001e8634ea800 JavaThread "C2 CompilerThread2" daemon [_thread_in_native, id=14096, stack(0x0000008a7cc00000,0x0000008a7cd00000)]

Other Threads:
  0x000001e85f796000 VMThread "VM Thread" [stack: 0x0000008a7bc00000,0x0000008a7bd00000] [id=29416]
  0x000001e860197800 WatcherThread [stack: 0x0000008a7c500000,0x0000008a7c600000] [id=24768]
  0x000001e842752800 GCTaskThread "GC Thread#0" [stack: 0x0000008a7b700000,0x0000008a7b800000] [id=24704]
  0x000001e860a0c800 GCTaskThread "GC Thread#1" [stack: 0x0000008a7c700000,0x0000008a7c800000] [id=24964]
  0x000001e860748000 GCTaskThread "GC Thread#2" [stack: 0x0000008a7c800000,0x0000008a7c900000] [id=21136]
  0x000001e860748800 GCTaskThread "GC Thread#3" [stack: 0x0000008a7c900000,0x0000008a7ca00000] [id=26776]
  0x000001e867e9b000 GCTaskThread "GC Thread#4" [stack: 0x0000008a7ce00000,0x0000008a7cf00000] [id=3968]
  0x000001e842798800 ConcurrentGCThread "G1 Main Marker" [stack: 0x0000008a7b800000,0x0000008a7b900000] [id=14208]
  0x000001e842799800 ConcurrentGCThread "G1 Conc#0" [stack: 0x0000008a7b900000,0x0000008a7ba00000] [id=10564]
  0x000001e861c1e000 ConcurrentGCThread "G1 Conc#1" [stack: 0x0000008a7ca00000,0x0000008a7cb00000] [id=29392]
  0x000001e85f5fe800 ConcurrentGCThread "G1 Refine#0" [stack: 0x0000008a7ba00000,0x0000008a7bb00000] [id=22292]
  0x000001e866bac000 ConcurrentGCThread "G1 Refine#1" [stack: 0x0000008a7cd00000,0x0000008a7ce00000] [id=20472]
  0x000001e864d27800 ConcurrentGCThread "G1 Refine#2" [stack: 0x0000008a7cf00000,0x0000008a7d000000] [id=27764]
  0x000001e85f5ff800 ConcurrentGCThread "G1 Young RemSet Sampling" [stack: 0x0000008a7bb00000,0x0000008a7bc00000] [id=4876]

Threads with active compile tasks:
C2 CompilerThread0  21746 12780       4       org.jetbrains.kotlin.com.intellij.psi.stubs.StubList::addStub (137 bytes)
C2 CompilerThread1  21746 12769       4       org.jetbrains.kotlin.com.intellij.lang.java.lexer.JavaLexer::locateToken (548 bytes)
C2 CompilerThread2  21746 12791       4       org.jetbrains.kotlin.resolve.calls.tower.KotlinToResolvedCallTransformer::runCallCheckers (176 bytes)

VM state:not at safepoint (normal execution)

VM Mutex/Monitor currently owned by a thread: None

Heap address: 0x0000000744600000, size: 3002 MB, Compressed Oops mode: Zero based, Oop shift amount: 3
Narrow klass base: 0x0000000800000000, Narrow klass shift: 0
Compressed class space size: 1073741824 Address: 0x0000000800000000

Heap:
 garbage-first heap   total 231424K, used 93503K [0x0000000744600000, 0x0000000800000000)
  region size 1024K, 18 young (18432K), 9 survivors (9216K)
 Metaspace       used 70446K, capacity 71276K, committed 71588K, reserved 1112064K
  class space    used 7703K, capacity 8065K, committed 8192K, reserved 1048576K
Heap Regions: E=young(eden), S=young(survivor), O=old, HS=humongous(starts), HC=humongous(continues), CS=collection set, F=free, A=archive, TAMS=top-at-mark-start (previous, next)
|   0|0x0000000744600000, 0x0000000744700000, 0x0000000744700000|100%|HS|  |TAMS 0x0000000744700000, 0x0000000744600000| Complete 
|   1|0x0000000744700000, 0x0000000744800000, 0x0000000744800000|100%|HC|  |TAMS 0x0000000744800000, 0x0000000744700000| Complete 
|   2|0x0000000744800000, 0x0000000744900000, 0x0000000744900000|100%|HC|  |TAMS 0x0000000744900000, 0x0000000744800000| Complete 
|   3|0x0000000744900000, 0x0000000744a00000, 0x0000000744a00000|100%| O|  |TAMS 0x0000000744a00000, 0x0000000744900000| Untracked 
|   4|0x0000000744a00000, 0x0000000744b00000, 0x0000000744b00000|100%| O|  |TAMS 0x0000000744b00000, 0x0000000744a00000| Untracked 
|   5|0x0000000744b00000, 0x0000000744c00000, 0x0000000744c00000|100%|HS|  |TAMS 0x0000000744c00000, 0x0000000744b00000| Complete 
|   6|0x0000000744c00000, 0x0000000744d00000, 0x0000000744d00000|100%|HC|  |TAMS 0x0000000744d00000, 0x0000000744c00000| Complete 
|   7|0x0000000744d00000, 0x0000000744e00000, 0x0000000744e00000|100%|HC|  |TAMS 0x0000000744e00000, 0x0000000744d00000| Complete 
|   8|0x0000000744e00000, 0x0000000744f00000, 0x0000000744f00000|100%|HS|  |TAMS 0x0000000744f00000, 0x0000000744e00000| Complete 
|   9|0x0000000744f00000, 0x0000000745000000, 0x0000000745000000|100%|HC|  |TAMS 0x0000000745000000, 0x0000000744f00000| Complete 
|  10|0x0000000745000000, 0x0000000745100000, 0x0000000745100000|100%| O|  |TAMS 0x0000000745100000, 0x0000000745000000| Untracked 
|  11|0x0000000745100000, 0x0000000745200000, 0x0000000745200000|100%| O|  |TAMS 0x0000000745200000, 0x0000000745100000| Untracked 
|  12|0x0000000745200000, 0x0000000745300000, 0x0000000745300000|100%| O|  |TAMS 0x0000000745300000, 0x0000000745200000| Untracked 
|  13|0x0000000745300000, 0x0000000745400000, 0x0000000745400000|100%| O|  |TAMS 0x0000000745400000, 0x0000000745300000| Untracked 
|  14|0x0000000745400000, 0x0000000745500000, 0x0000000745500000|100%| O|  |TAMS 0x0000000745500000, 0x0000000745400000| Untracked 
|  15|0x0000000745500000, 0x0000000745600000, 0x0000000745600000|100%| O|  |TAMS 0x0000000745600000, 0x0000000745500000| Untracked 
|  16|0x0000000745600000, 0x0000000745700000, 0x0000000745700000|100%| O|  |TAMS 0x0000000745700000, 0x0000000745600000| Untracked 
|  17|0x0000000745700000, 0x0000000745800000, 0x0000000745800000|100%| O|  |TAMS 0x0000000745800000, 0x0000000745700000| Untracked 
|  18|0x0000000745800000, 0x0000000745900000, 0x0000000745900000|100%| O|  |TAMS 0x0000000745900000, 0x0000000745800000| Untracked 
|  19|0x0000000745900000, 0x0000000745a00000, 0x0000000745a00000|100%| O|  |TAMS 0x0000000745a00000, 0x0000000745900000| Untracked 
|  20|0x0000000745a00000, 0x0000000745b00000, 0x0000000745b00000|100%| O|  |TAMS 0x0000000745b00000, 0x0000000745a00000| Untracked 
|  21|0x0000000745b00000, 0x0000000745c00000, 0x0000000745c00000|100%| O|  |TAMS 0x0000000745c00000, 0x0000000745b00000| Untracked 
|  22|0x0000000745c00000, 0x0000000745d00000, 0x0000000745d00000|100%| O|  |TAMS 0x0000000745d00000, 0x0000000745c00000| Untracked 
|  23|0x0000000745d00000, 0x0000000745e00000, 0x0000000745e00000|100%| O|  |TAMS 0x0000000745e00000, 0x0000000745d00000| Untracked 
|  24|0x0000000745e00000, 0x0000000745f00000, 0x0000000745f00000|100%| O|  |TAMS 0x0000000745f00000, 0x0000000745e00000| Untracked 
|  25|0x0000000745f00000, 0x0000000746000000, 0x0000000746000000|100%| O|  |TAMS 0x0000000746000000, 0x0000000745f00000| Untracked 
|  26|0x0000000746000000, 0x0000000746100000, 0x0000000746100000|100%| O|  |TAMS 0x0000000746100000, 0x0000000746000000| Untracked 
|  27|0x0000000746100000, 0x0000000746200000, 0x0000000746200000|100%| O|  |TAMS 0x0000000746200000, 0x0000000746100000| Untracked 
|  28|0x0000000746200000, 0x0000000746300000, 0x0000000746300000|100%| O|  |TAMS 0x0000000746300000, 0x0000000746200000| Untracked 
|  29|0x0000000746300000, 0x0000000746400000, 0x0000000746400000|100%| O|  |TAMS 0x0000000746400000, 0x0000000746300000| Untracked 
|  30|0x0000000746400000, 0x0000000746500000, 0x0000000746500000|100%| O|  |TAMS 0x0000000746500000, 0x0000000746400000| Untracked 
|  31|0x0000000746500000, 0x0000000746600000, 0x0000000746600000|100%| O|  |TAMS 0x0000000746600000, 0x0000000746500000| Untracked 
|  32|0x0000000746600000, 0x0000000746700000, 0x0000000746700000|100%| O|  |TAMS 0x0000000746700000, 0x0000000746600000| Untracked 
|  33|0x0000000746700000, 0x0000000746800000, 0x0000000746800000|100%| O|  |TAMS 0x0000000746800000, 0x0000000746700000| Untracked 
|  34|0x0000000746800000, 0x0000000746900000, 0x0000000746900000|100%| O|  |TAMS 0x0000000746900000, 0x0000000746800000| Untracked 
|  35|0x0000000746900000, 0x0000000746a00000, 0x0000000746a00000|100%| O|  |TAMS 0x0000000746a00000, 0x0000000746900000| Untracked 
|  36|0x0000000746a00000, 0x0000000746b00000, 0x0000000746b00000|100%| O|  |TAMS 0x0000000746b00000, 0x0000000746a00000| Untracked 
|  37|0x0000000746b00000, 0x0000000746c00000, 0x0000000746c00000|100%| O|  |TAMS 0x0000000746c00000, 0x0000000746b00000| Untracked 
|  38|0x0000000746c00000, 0x0000000746d00000, 0x0000000746d00000|100%| O|  |TAMS 0x0000000746d00000, 0x0000000746c00000| Untracked 
|  39|0x0000000746d00000, 0x0000000746e00000, 0x0000000746e00000|100%| O|  |TAMS 0x0000000746e00000, 0x0000000746d00000| Untracked 
|  40|0x0000000746e00000, 0x0000000746f00000, 0x0000000746f00000|100%| O|  |TAMS 0x0000000746f00000, 0x0000000746e00000| Untracked 
|  41|0x0000000746f00000, 0x0000000747000000, 0x0000000747000000|100%| O|  |TAMS 0x0000000747000000, 0x0000000746f00000| Untracked 
|  42|0x0000000747000000, 0x0000000747100000, 0x0000000747100000|100%| O|  |TAMS 0x0000000747100000, 0x0000000747000000| Untracked 
|  43|0x0000000747100000, 0x0000000747200000, 0x0000000747200000|100%| O|  |TAMS 0x0000000747200000, 0x0000000747100000| Untracked 
|  44|0x0000000747200000, 0x0000000747300000, 0x0000000747300000|100%| O|  |TAMS 0x0000000747300000, 0x0000000747200000| Untracked 
|  45|0x0000000747300000, 0x0000000747400000, 0x0000000747400000|100%| O|  |TAMS 0x0000000747400000, 0x0000000747300000| Untracked 
|  46|0x0000000747400000, 0x0000000747500000, 0x0000000747500000|100%| O|  |TAMS 0x0000000747500000, 0x0000000747400000| Untracked 
|  47|0x0000000747500000, 0x0000000747600000, 0x0000000747600000|100%| O|  |TAMS 0x0000000747600000, 0x0000000747500000| Untracked 
|  48|0x0000000747600000, 0x0000000747700000, 0x0000000747700000|100%| O|  |TAMS 0x0000000747700000, 0x0000000747600000| Untracked 
|  49|0x0000000747700000, 0x0000000747800000, 0x0000000747800000|100%| O|  |TAMS 0x0000000747800000, 0x0000000747700000| Untracked 
|  50|0x0000000747800000, 0x0000000747900000, 0x0000000747900000|100%| O|  |TAMS 0x0000000747900000, 0x0000000747800000| Untracked 
|  51|0x0000000747900000, 0x0000000747a00000, 0x0000000747a00000|100%| O|  |TAMS 0x00000007479ac600, 0x0000000747900000| Untracked 
|  52|0x0000000747a00000, 0x0000000747b00000, 0x0000000747b00000|100%| O|  |TAMS 0x0000000747a00000, 0x0000000747a00000| Untracked 
|  53|0x0000000747b00000, 0x0000000747c00000, 0x0000000747c00000|100%| O|  |TAMS 0x0000000747b00000, 0x0000000747b00000| Untracked 
|  54|0x0000000747c00000, 0x0000000747d00000, 0x0000000747d00000|100%| O|  |TAMS 0x0000000747c00000, 0x0000000747c00000| Untracked 
|  55|0x0000000747d00000, 0x0000000747e00000, 0x0000000747e00000|100%| O|  |TAMS 0x0000000747d00000, 0x0000000747d00000| Untracked 
|  56|0x0000000747e00000, 0x0000000747f00000, 0x0000000747f00000|100%| O|  |TAMS 0x0000000747e00000, 0x0000000747e00000| Untracked 
|  57|0x0000000747f00000, 0x0000000748000000, 0x0000000748000000|100%| O|  |TAMS 0x0000000747f00000, 0x0000000747f00000| Untracked 
|  58|0x0000000748000000, 0x0000000748100000, 0x0000000748100000|100%| O|  |TAMS 0x0000000748000000, 0x0000000748000000| Untracked 
|  59|0x0000000748100000, 0x0000000748200000, 0x0000000748200000|100%|HS|  |TAMS 0x0000000748100000, 0x0000000748100000| Complete 
|  60|0x0000000748200000, 0x0000000748300000, 0x0000000748300000|100%|HC|  |TAMS 0x0000000748200000, 0x0000000748200000| Complete 
|  61|0x0000000748300000, 0x0000000748400000, 0x0000000748400000|100%| O|  |TAMS 0x0000000748300000, 0x0000000748300000| Untracked 
|  62|0x0000000748400000, 0x0000000748500000, 0x0000000748500000|100%| O|  |TAMS 0x0000000748400000, 0x0000000748400000| Untracked 
|  63|0x0000000748500000, 0x0000000748500000, 0x0000000748600000|  0%| F|  |TAMS 0x0000000748500000, 0x0000000748500000| Untracked 
|  64|0x0000000748600000, 0x0000000748700000, 0x0000000748700000|100%| O|  |TAMS 0x0000000748600000, 0x0000000748600000| Untracked 
|  65|0x0000000748700000, 0x0000000748800000, 0x0000000748800000|100%| O|  |TAMS 0x0000000748700000, 0x0000000748700000| Untracked 
|  66|0x0000000748800000, 0x0000000748900000, 0x0000000748900000|100%| O|  |TAMS 0x0000000748800000, 0x0000000748800000| Untracked 
|  67|0x0000000748900000, 0x0000000748a00000, 0x0000000748a00000|100%| O|  |TAMS 0x0000000748900000, 0x0000000748900000| Untracked 
|  68|0x0000000748a00000, 0x0000000748b00000, 0x0000000748b00000|100%| O|  |TAMS 0x0000000748a00000, 0x0000000748a00000| Untracked 
|  69|0x0000000748b00000, 0x0000000748c00000, 0x0000000748c00000|100%| O|  |TAMS 0x0000000748b00000, 0x0000000748b00000| Untracked 
|  70|0x0000000748c00000, 0x0000000748d00000, 0x0000000748d00000|100%| O|  |TAMS 0x0000000748c00000, 0x0000000748c00000| Untracked 
|  71|0x0000000748d00000, 0x0000000748e00000, 0x0000000748e00000|100%| O|  |TAMS 0x0000000748d00000, 0x0000000748d00000| Untracked 
|  72|0x0000000748e00000, 0x0000000748f00000, 0x0000000748f00000|100%| O|  |TAMS 0x0000000748e00000, 0x0000000748e00000| Untracked 
|  73|0x0000000748f00000, 0x0000000749000000, 0x0000000749000000|100%| O|  |TAMS 0x0000000748f00000, 0x0000000748f00000| Untracked 
|  74|0x0000000749000000, 0x0000000749100000, 0x0000000749100000|100%| O|  |TAMS 0x0000000749000000, 0x0000000749000000| Untracked 
|  75|0x0000000749100000, 0x0000000749186c00, 0x0000000749200000| 52%| O|  |TAMS 0x0000000749100000, 0x0000000749100000| Untracked 
|  76|0x0000000749200000, 0x0000000749200000, 0x0000000749300000|  0%| F|  |TAMS 0x0000000749200000, 0x0000000749200000| Untracked 
|  77|0x0000000749300000, 0x0000000749300000, 0x0000000749400000|  0%| F|  |TAMS 0x0000000749300000, 0x0000000749300000| Untracked 
|  78|0x0000000749400000, 0x0000000749400000, 0x0000000749500000|  0%| F|  |TAMS 0x0000000749400000, 0x0000000749400000| Untracked 
|  79|0x0000000749500000, 0x0000000749500000, 0x0000000749600000|  0%| F|  |TAMS 0x0000000749500000, 0x0000000749500000| Untracked 
|  80|0x0000000749600000, 0x0000000749600000, 0x0000000749700000|  0%| F|  |TAMS 0x0000000749600000, 0x0000000749600000| Untracked 
|  81|0x0000000749700000, 0x0000000749700000, 0x0000000749800000|  0%| F|  |TAMS 0x0000000749700000, 0x0000000749700000| Untracked 
|  82|0x0000000749800000, 0x0000000749800000, 0x0000000749900000|  0%| F|  |TAMS 0x0000000749800000, 0x0000000749800000| Untracked 
|  83|0x0000000749900000, 0x0000000749900000, 0x0000000749a00000|  0%| F|  |TAMS 0x0000000749900000, 0x0000000749900000| Untracked 
|  84|0x0000000749a00000, 0x0000000749a00000, 0x0000000749b00000|  0%| F|  |TAMS 0x0000000749a00000, 0x0000000749a00000| Untracked 
|  85|0x0000000749b00000, 0x0000000749b00000, 0x0000000749c00000|  0%| F|  |TAMS 0x0000000749b00000, 0x0000000749b00000| Untracked 
|  86|0x0000000749c00000, 0x0000000749c00000, 0x0000000749d00000|  0%| F|  |TAMS 0x0000000749c00000, 0x0000000749c00000| Untracked 
|  87|0x0000000749d00000, 0x0000000749d00000, 0x0000000749e00000|  0%| F|  |TAMS 0x0000000749d00000, 0x0000000749d00000| Untracked 
|  88|0x0000000749e00000, 0x0000000749e00000, 0x0000000749f00000|  0%| F|  |TAMS 0x0000000749e00000, 0x0000000749e00000| Untracked 
|  89|0x0000000749f00000, 0x0000000749f00000, 0x000000074a000000|  0%| F|  |TAMS 0x0000000749f00000, 0x0000000749f00000| Untracked 
|  90|0x000000074a000000, 0x000000074a000000, 0x000000074a100000|  0%| F|  |TAMS 0x000000074a000000, 0x000000074a000000| Untracked 
|  91|0x000000074a100000, 0x000000074a100000, 0x000000074a200000|  0%| F|  |TAMS 0x000000074a100000, 0x000000074a100000| Untracked 
|  92|0x000000074a200000, 0x000000074a200000, 0x000000074a300000|  0%| F|  |TAMS 0x000000074a200000, 0x000000074a200000| Untracked 
|  93|0x000000074a300000, 0x000000074a300000, 0x000000074a400000|  0%| F|  |TAMS 0x000000074a300000, 0x000000074a300000| Untracked 
|  94|0x000000074a400000, 0x000000074a400000, 0x000000074a500000|  0%| F|  |TAMS 0x000000074a400000, 0x000000074a400000| Untracked 
|  95|0x000000074a500000, 0x000000074a500000, 0x000000074a600000|  0%| F|  |TAMS 0x000000074a500000, 0x000000074a500000| Untracked 
|  96|0x000000074a600000, 0x000000074a600000, 0x000000074a700000|  0%| F|  |TAMS 0x000000074a600000, 0x000000074a600000| Untracked 
|  97|0x000000074a700000, 0x000000074a700000, 0x000000074a800000|  0%| F|  |TAMS 0x000000074a700000, 0x000000074a700000| Untracked 
|  98|0x000000074a800000, 0x000000074a800000, 0x000000074a900000|  0%| F|  |TAMS 0x000000074a800000, 0x000000074a800000| Untracked 
|  99|0x000000074a900000, 0x000000074a900000, 0x000000074aa00000|  0%| F|  |TAMS 0x000000074a900000, 0x000000074a900000| Untracked 
| 100|0x000000074aa00000, 0x000000074aa00000, 0x000000074ab00000|  0%| F|  |TAMS 0x000000074aa00000, 0x000000074aa00000| Untracked 
| 101|0x000000074ab00000, 0x000000074ab00000, 0x000000074ac00000|  0%| F|  |TAMS 0x000000074ab00000, 0x000000074ab00000| Untracked 
| 102|0x000000074ac00000, 0x000000074ac00000, 0x000000074ad00000|  0%| F|  |TAMS 0x000000074ac00000, 0x000000074ac00000| Untracked 
| 103|0x000000074ad00000, 0x000000074ad00000, 0x000000074ae00000|  0%| F|  |TAMS 0x000000074ad00000, 0x000000074ad00000| Untracked 
| 104|0x000000074ae00000, 0x000000074ae00000, 0x000000074af00000|  0%| F|  |TAMS 0x000000074ae00000, 0x000000074ae00000| Untracked 
| 105|0x000000074af00000, 0x000000074af00000, 0x000000074b000000|  0%| F|  |TAMS 0x000000074af00000, 0x000000074af00000| Untracked 
| 106|0x000000074b000000, 0x000000074b000000, 0x000000074b100000|  0%| F|  |TAMS 0x000000074b000000, 0x000000074b000000| Untracked 
| 107|0x000000074b100000, 0x000000074b100000, 0x000000074b200000|  0%| F|  |TAMS 0x000000074b100000, 0x000000074b100000| Untracked 
| 108|0x000000074b200000, 0x000000074b200000, 0x000000074b300000|  0%| F|  |TAMS 0x000000074b200000, 0x000000074b200000| Untracked 
| 109|0x000000074b300000, 0x000000074b300000, 0x000000074b400000|  0%| F|  |TAMS 0x000000074b300000, 0x000000074b300000| Untracked 
| 110|0x000000074b400000, 0x000000074b400000, 0x000000074b500000|  0%| F|  |TAMS 0x000000074b400000, 0x000000074b400000| Untracked 
| 111|0x000000074b500000, 0x000000074b500000, 0x000000074b600000|  0%| F|  |TAMS 0x000000074b500000, 0x000000074b500000| Untracked 
| 112|0x000000074b600000, 0x000000074b600000, 0x000000074b700000|  0%| F|  |TAMS 0x000000074b600000, 0x000000074b600000| Untracked 
| 113|0x000000074b700000, 0x000000074b700000, 0x000000074b800000|  0%| F|  |TAMS 0x000000074b700000, 0x000000074b700000| Untracked 
| 114|0x000000074b800000, 0x000000074b800000, 0x000000074b900000|  0%| F|  |TAMS 0x000000074b800000, 0x000000074b800000| Untracked 
| 115|0x000000074b900000, 0x000000074b900000, 0x000000074ba00000|  0%| F|  |TAMS 0x000000074b900000, 0x000000074b900000| Untracked 
| 116|0x000000074ba00000, 0x000000074ba00000, 0x000000074bb00000|  0%| F|  |TAMS 0x000000074ba00000, 0x000000074ba00000| Untracked 
| 117|0x000000074bb00000, 0x000000074bb00000, 0x000000074bc00000|  0%| F|  |TAMS 0x000000074bb00000, 0x000000074bb00000| Untracked 
| 118|0x000000074bc00000, 0x000000074bc00000, 0x000000074bd00000|  0%| F|  |TAMS 0x000000074bc00000, 0x000000074bc00000| Untracked 
| 119|0x000000074bd00000, 0x000000074bd00000, 0x000000074be00000|  0%| F|  |TAMS 0x000000074bd00000, 0x000000074bd00000| Untracked 
| 120|0x000000074be00000, 0x000000074be00000, 0x000000074bf00000|  0%| F|  |TAMS 0x000000074be00000, 0x000000074be00000| Untracked 
| 121|0x000000074bf00000, 0x000000074bf00000, 0x000000074c000000|  0%| F|  |TAMS 0x000000074bf00000, 0x000000074bf00000| Untracked 
| 122|0x000000074c000000, 0x000000074c000000, 0x000000074c100000|  0%| F|  |TAMS 0x000000074c000000, 0x000000074c000000| Untracked 
| 123|0x000000074c100000, 0x000000074c100000, 0x000000074c200000|  0%| F|  |TAMS 0x000000074c100000, 0x000000074c100000| Untracked 
| 124|0x000000074c200000, 0x000000074c200000, 0x000000074c300000|  0%| F|  |TAMS 0x000000074c200000, 0x000000074c200000| Untracked 
| 125|0x000000074c300000, 0x000000074c300000, 0x000000074c400000|  0%| F|  |TAMS 0x000000074c300000, 0x000000074c300000| Untracked 
| 126|0x000000074c400000, 0x000000074c400000, 0x000000074c500000|  0%| F|  |TAMS 0x000000074c400000, 0x000000074c400000| Untracked 
| 127|0x000000074c500000, 0x000000074c500000, 0x000000074c600000|  0%| F|  |TAMS 0x000000074c500000, 0x000000074c500000| Untracked 
| 128|0x000000074c600000, 0x000000074c600000, 0x000000074c700000|  0%| F|  |TAMS 0x000000074c600000, 0x000000074c600000| Untracked 
| 129|0x000000074c700000, 0x000000074c700000, 0x000000074c800000|  0%| F|  |TAMS 0x000000074c700000, 0x000000074c700000| Untracked 
| 130|0x000000074c800000, 0x000000074c800000, 0x000000074c900000|  0%| F|  |TAMS 0x000000074c800000, 0x000000074c800000| Untracked 
| 131|0x000000074c900000, 0x000000074c900000, 0x000000074ca00000|  0%| F|  |TAMS 0x000000074c900000, 0x000000074c900000| Untracked 
| 132|0x000000074ca00000, 0x000000074ca00000, 0x000000074cb00000|  0%| F|  |TAMS 0x000000074ca00000, 0x000000074ca00000| Untracked 
| 133|0x000000074cb00000, 0x000000074cb00000, 0x000000074cc00000|  0%| F|  |TAMS 0x000000074cb00000, 0x000000074cb00000| Untracked 
| 134|0x000000074cc00000, 0x000000074cc00000, 0x000000074cd00000|  0%| F|  |TAMS 0x000000074cc00000, 0x000000074cc00000| Untracked 
| 135|0x000000074cd00000, 0x000000074cd00000, 0x000000074ce00000|  0%| F|  |TAMS 0x000000074cd00000, 0x000000074cd00000| Untracked 
| 136|0x000000074ce00000, 0x000000074ce00000, 0x000000074cf00000|  0%| F|  |TAMS 0x000000074ce00000, 0x000000074ce00000| Untracked 
| 137|0x000000074cf00000, 0x000000074cf00000, 0x000000074d000000|  0%| F|  |TAMS 0x000000074cf00000, 0x000000074cf00000| Untracked 
| 138|0x000000074d000000, 0x000000074d0c92e0, 0x000000074d100000| 78%| S|CS|TAMS 0x000000074d000000, 0x000000074d000000| Complete 
| 139|0x000000074d100000, 0x000000074d200000, 0x000000074d200000|100%| S|CS|TAMS 0x000000074d100000, 0x000000074d100000| Complete 
| 140|0x000000074d200000, 0x000000074d300000, 0x000000074d300000|100%| S|CS|TAMS 0x000000074d200000, 0x000000074d200000| Complete 
| 141|0x000000074d300000, 0x000000074d400000, 0x000000074d400000|100%| S|CS|TAMS 0x000000074d300000, 0x000000074d300000| Complete 
| 142|0x000000074d400000, 0x000000074d500000, 0x000000074d500000|100%| S|CS|TAMS 0x000000074d400000, 0x000000074d400000| Complete 
| 143|0x000000074d500000, 0x000000074d600000, 0x000000074d600000|100%| S|CS|TAMS 0x000000074d500000, 0x000000074d500000| Complete 
| 144|0x000000074d600000, 0x000000074d700000, 0x000000074d700000|100%| S|CS|TAMS 0x000000074d600000, 0x000000074d600000| Complete 
| 145|0x000000074d700000, 0x000000074d800000, 0x000000074d800000|100%| S|CS|TAMS 0x000000074d700000, 0x000000074d700000| Complete 
| 146|0x000000074d800000, 0x000000074d900000, 0x000000074d900000|100%| S|CS|TAMS 0x000000074d800000, 0x000000074d800000| Complete 
| 147|0x000000074d900000, 0x000000074d900000, 0x000000074da00000|  0%| F|  |TAMS 0x000000074d900000, 0x000000074d900000| Untracked 
| 148|0x000000074da00000, 0x000000074da00000, 0x000000074db00000|  0%| F|  |TAMS 0x000000074da00000, 0x000000074da00000| Untracked 
| 149|0x000000074db00000, 0x000000074db00000, 0x000000074dc00000|  0%| F|  |TAMS 0x000000074db00000, 0x000000074db00000| Untracked 
| 150|0x000000074dc00000, 0x000000074dc00000, 0x000000074dd00000|  0%| F|  |TAMS 0x000000074dc00000, 0x000000074dc00000| Untracked 
| 151|0x000000074dd00000, 0x000000074dd00000, 0x000000074de00000|  0%| F|  |TAMS 0x000000074dd00000, 0x000000074dd00000| Untracked 
| 152|0x000000074de00000, 0x000000074de00000, 0x000000074df00000|  0%| F|  |TAMS 0x000000074de00000, 0x000000074de00000| Untracked 
| 153|0x000000074df00000, 0x000000074df00000, 0x000000074e000000|  0%| F|  |TAMS 0x000000074df00000, 0x000000074df00000| Untracked 
| 154|0x000000074e000000, 0x000000074e000000, 0x000000074e100000|  0%| F|  |TAMS 0x000000074e000000, 0x000000074e000000| Untracked 
| 155|0x000000074e100000, 0x000000074e100000, 0x000000074e200000|  0%| F|  |TAMS 0x000000074e100000, 0x000000074e100000| Untracked 
| 156|0x000000074e200000, 0x000000074e200000, 0x000000074e300000|  0%| F|  |TAMS 0x000000074e200000, 0x000000074e200000| Untracked 
| 157|0x000000074e300000, 0x000000074e300000, 0x000000074e400000|  0%| F|  |TAMS 0x000000074e300000, 0x000000074e300000| Untracked 
| 158|0x000000074e400000, 0x000000074e400000, 0x000000074e500000|  0%| F|  |TAMS 0x000000074e400000, 0x000000074e400000| Untracked 
| 159|0x000000074e500000, 0x000000074e500000, 0x000000074e600000|  0%| F|  |TAMS 0x000000074e500000, 0x000000074e500000| Untracked 
| 160|0x000000074e600000, 0x000000074e600000, 0x000000074e700000|  0%| F|  |TAMS 0x000000074e600000, 0x000000074e600000| Untracked 
| 161|0x000000074e700000, 0x000000074e700000, 0x000000074e800000|  0%| F|  |TAMS 0x000000074e700000, 0x000000074e700000| Untracked 
| 162|0x000000074e800000, 0x000000074e800000, 0x000000074e900000|  0%| F|  |TAMS 0x000000074e800000, 0x000000074e800000| Untracked 
| 163|0x000000074e900000, 0x000000074e900000, 0x000000074ea00000|  0%| F|  |TAMS 0x000000074e900000, 0x000000074e900000| Untracked 
| 164|0x000000074ea00000, 0x000000074ea00000, 0x000000074eb00000|  0%| F|  |TAMS 0x000000074ea00000, 0x000000074ea00000| Untracked 
| 165|0x000000074eb00000, 0x000000074eb00000, 0x000000074ec00000|  0%| F|  |TAMS 0x000000074eb00000, 0x000000074eb00000| Untracked 
| 166|0x000000074ec00000, 0x000000074ec00000, 0x000000074ed00000|  0%| F|  |TAMS 0x000000074ec00000, 0x000000074ec00000| Untracked 
| 167|0x000000074ed00000, 0x000000074ed00000, 0x000000074ee00000|  0%| F|  |TAMS 0x000000074ed00000, 0x000000074ed00000| Untracked 
| 168|0x000000074ee00000, 0x000000074ee00000, 0x000000074ef00000|  0%| F|  |TAMS 0x000000074ee00000, 0x000000074ee00000| Untracked 
| 169|0x000000074ef00000, 0x000000074ef00000, 0x000000074f000000|  0%| F|  |TAMS 0x000000074ef00000, 0x000000074ef00000| Untracked 
| 170|0x000000074f000000, 0x000000074f000000, 0x000000074f100000|  0%| F|  |TAMS 0x000000074f000000, 0x000000074f000000| Untracked 
| 171|0x000000074f100000, 0x000000074f100000, 0x000000074f200000|  0%| F|  |TAMS 0x000000074f100000, 0x000000074f100000| Untracked 
| 172|0x000000074f200000, 0x000000074f200000, 0x000000074f300000|  0%| F|  |TAMS 0x000000074f200000, 0x000000074f200000| Untracked 
| 173|0x000000074f300000, 0x000000074f300000, 0x000000074f400000|  0%| F|  |TAMS 0x000000074f300000, 0x000000074f300000| Untracked 
| 174|0x000000074f400000, 0x000000074f400000, 0x000000074f500000|  0%| F|  |TAMS 0x000000074f400000, 0x000000074f400000| Untracked 
| 175|0x000000074f500000, 0x000000074f500000, 0x000000074f600000|  0%| F|  |TAMS 0x000000074f500000, 0x000000074f500000| Untracked 
| 176|0x000000074f600000, 0x000000074f600000, 0x000000074f700000|  0%| F|  |TAMS 0x000000074f600000, 0x000000074f600000| Untracked 
| 177|0x000000074f700000, 0x000000074f700000, 0x000000074f800000|  0%| F|  |TAMS 0x000000074f700000, 0x000000074f700000| Untracked 
| 178|0x000000074f800000, 0x000000074f800000, 0x000000074f900000|  0%| F|  |TAMS 0x000000074f800000, 0x000000074f800000| Untracked 
| 179|0x000000074f900000, 0x000000074f900000, 0x000000074fa00000|  0%| F|  |TAMS 0x000000074f900000, 0x000000074f900000| Untracked 
| 180|0x000000074fa00000, 0x000000074fa00000, 0x000000074fb00000|  0%| F|  |TAMS 0x000000074fa00000, 0x000000074fa00000| Untracked 
| 181|0x000000074fb00000, 0x000000074fb00000, 0x000000074fc00000|  0%| F|  |TAMS 0x000000074fb00000, 0x000000074fb00000| Untracked 
| 182|0x000000074fc00000, 0x000000074fc00000, 0x000000074fd00000|  0%| F|  |TAMS 0x000000074fc00000, 0x000000074fc00000| Untracked 
| 183|0x000000074fd00000, 0x000000074fd00000, 0x000000074fe00000|  0%| F|  |TAMS 0x000000074fd00000, 0x000000074fd00000| Untracked 
| 184|0x000000074fe00000, 0x000000074fe00000, 0x000000074ff00000|  0%| F|  |TAMS 0x000000074fe00000, 0x000000074fe00000| Untracked 
| 185|0x000000074ff00000, 0x000000074ff00000, 0x0000000750000000|  0%| F|  |TAMS 0x000000074ff00000, 0x000000074ff00000| Untracked 
| 186|0x0000000750000000, 0x0000000750000000, 0x0000000750100000|  0%| F|  |TAMS 0x0000000750000000, 0x0000000750000000| Untracked 
| 187|0x0000000750100000, 0x0000000750100000, 0x0000000750200000|  0%| F|  |TAMS 0x0000000750100000, 0x0000000750100000| Untracked 
| 188|0x0000000750200000, 0x0000000750200000, 0x0000000750300000|  0%| F|  |TAMS 0x0000000750200000, 0x0000000750200000| Untracked 
| 189|0x0000000750300000, 0x0000000750300000, 0x0000000750400000|  0%| F|  |TAMS 0x0000000750300000, 0x0000000750300000| Untracked 
| 190|0x0000000750400000, 0x0000000750400000, 0x0000000750500000|  0%| F|  |TAMS 0x0000000750400000, 0x0000000750400000| Untracked 
| 191|0x0000000750500000, 0x0000000750500000, 0x0000000750600000|  0%| F|  |TAMS 0x0000000750500000, 0x0000000750500000| Untracked 
| 192|0x0000000750600000, 0x0000000750600000, 0x0000000750700000|  0%| F|  |TAMS 0x0000000750600000, 0x0000000750600000| Untracked 
| 193|0x0000000750700000, 0x0000000750700000, 0x0000000750800000|  0%| F|  |TAMS 0x0000000750700000, 0x0000000750700000| Untracked 
| 194|0x0000000750800000, 0x0000000750800000, 0x0000000750900000|  0%| F|  |TAMS 0x0000000750800000, 0x0000000750800000| Untracked 
| 195|0x0000000750900000, 0x0000000750900000, 0x0000000750a00000|  0%| F|  |TAMS 0x0000000750900000, 0x0000000750900000| Untracked 
| 196|0x0000000750a00000, 0x0000000750a00000, 0x0000000750b00000|  0%| F|  |TAMS 0x0000000750a00000, 0x0000000750a00000| Untracked 
| 197|0x0000000750b00000, 0x0000000750b00000, 0x0000000750c00000|  0%| F|  |TAMS 0x0000000750b00000, 0x0000000750b00000| Untracked 
| 198|0x0000000750c00000, 0x0000000750c00000, 0x0000000750d00000|  0%| F|  |TAMS 0x0000000750c00000, 0x0000000750c00000| Untracked 
| 199|0x0000000750d00000, 0x0000000750d00000, 0x0000000750e00000|  0%| F|  |TAMS 0x0000000750d00000, 0x0000000750d00000| Untracked 
| 200|0x0000000750e00000, 0x0000000750e00000, 0x0000000750f00000|  0%| F|  |TAMS 0x0000000750e00000, 0x0000000750e00000| Untracked 
| 201|0x0000000750f00000, 0x0000000750f00000, 0x0000000751000000|  0%| F|  |TAMS 0x0000000750f00000, 0x0000000750f00000| Untracked 
| 202|0x0000000751000000, 0x0000000751000000, 0x0000000751100000|  0%| F|  |TAMS 0x0000000751000000, 0x0000000751000000| Untracked 
| 203|0x0000000751100000, 0x0000000751100000, 0x0000000751200000|  0%| F|  |TAMS 0x0000000751100000, 0x0000000751100000| Untracked 
| 204|0x0000000751200000, 0x0000000751200000, 0x0000000751300000|  0%| F|  |TAMS 0x0000000751200000, 0x0000000751200000| Untracked 
| 205|0x0000000751300000, 0x0000000751300000, 0x0000000751400000|  0%| F|  |TAMS 0x0000000751300000, 0x0000000751300000| Untracked 
| 206|0x0000000751400000, 0x0000000751400000, 0x0000000751500000|  0%| F|  |TAMS 0x0000000751400000, 0x0000000751400000| Untracked 
| 207|0x0000000751500000, 0x0000000751500000, 0x0000000751600000|  0%| F|  |TAMS 0x0000000751500000, 0x0000000751500000| Untracked 
| 208|0x0000000751600000, 0x0000000751600000, 0x0000000751700000|  0%| F|  |TAMS 0x0000000751600000, 0x0000000751600000| Untracked 
| 209|0x0000000751700000, 0x0000000751700000, 0x0000000751800000|  0%| F|  |TAMS 0x0000000751700000, 0x0000000751700000| Untracked 
| 210|0x0000000751800000, 0x0000000751800000, 0x0000000751900000|  0%| F|  |TAMS 0x0000000751800000, 0x0000000751800000| Untracked 
| 211|0x0000000751900000, 0x0000000751900000, 0x0000000751a00000|  0%| F|  |TAMS 0x0000000751900000, 0x0000000751900000| Untracked 
| 212|0x0000000751a00000, 0x0000000751a00000, 0x0000000751b00000|  0%| F|  |TAMS 0x0000000751a00000, 0x0000000751a00000| Untracked 
| 213|0x0000000751b00000, 0x0000000751b00000, 0x0000000751c00000|  0%| F|  |TAMS 0x0000000751b00000, 0x0000000751b00000| Untracked 
| 214|0x0000000751c00000, 0x0000000751c00000, 0x0000000751d00000|  0%| F|  |TAMS 0x0000000751c00000, 0x0000000751c00000| Untracked 
| 215|0x0000000751d00000, 0x0000000751d00000, 0x0000000751e00000|  0%| F|  |TAMS 0x0000000751d00000, 0x0000000751d00000| Untracked 
| 216|0x0000000751e00000, 0x0000000751e80800, 0x0000000751f00000| 50%| E|  |TAMS 0x0000000751e00000, 0x0000000751e00000| Complete 
| 217|0x0000000751f00000, 0x0000000752000000, 0x0000000752000000|100%| E|CS|TAMS 0x0000000751f00000, 0x0000000751f00000| Complete 
| 218|0x0000000752000000, 0x0000000752100000, 0x0000000752100000|100%| E|CS|TAMS 0x0000000752000000, 0x0000000752000000| Complete 
| 219|0x0000000752100000, 0x0000000752200000, 0x0000000752200000|100%| E|CS|TAMS 0x0000000752100000, 0x0000000752100000| Complete 
| 220|0x0000000752200000, 0x0000000752300000, 0x0000000752300000|100%| E|CS|TAMS 0x0000000752200000, 0x0000000752200000| Complete 
| 221|0x0000000752300000, 0x0000000752400000, 0x0000000752400000|100%| E|CS|TAMS 0x0000000752300000, 0x0000000752300000| Complete 
| 222|0x0000000752400000, 0x0000000752500000, 0x0000000752500000|100%| E|CS|TAMS 0x0000000752400000, 0x0000000752400000| Complete 
| 223|0x0000000752500000, 0x0000000752600000, 0x0000000752600000|100%| E|CS|TAMS 0x0000000752500000, 0x0000000752500000| Complete 
| 224|0x0000000752600000, 0x0000000752700000, 0x0000000752700000|100%| E|CS|TAMS 0x0000000752600000, 0x0000000752600000| Complete 
| 225|0x0000000752700000, 0x0000000752800000, 0x0000000752800000|100%| E|CS|TAMS 0x0000000752700000, 0x0000000752700000| Complete 

Card table byte_map: [0x000001e8562a0000,0x000001e856880000] _byte_map_base: 0x000001e85287d000

Marking Bits (Prev, Next): (CMBitMap*) 0x000001e84278bc90, (CMBitMap*) 0x000001e84278bc58
 Prev Bits: [0x000001e859d50000, 0x000001e85cc38000)
 Next Bits: [0x000001e856e60000, 0x000001e859d48000)

Polling page: 0x000001e840de0000

Metaspace:

Usage:
  Non-class:     61.79 MB capacity,    61.29 MB (>99%) used,   395.23 KB ( <1%) free+waste,   123.38 KB ( <1%) overhead. 
      Class:      7.88 MB capacity,     7.53 MB ( 96%) used,   305.03 KB (  4%) free+waste,    52.88 KB ( <1%) overhead. 
       Both:     69.67 MB capacity,    68.81 MB ( 99%) used,   700.26 KB ( <1%) free+waste,   176.25 KB ( <1%) overhead. 

Virtual space:
  Non-class space:       62.00 MB reserved,      61.91 MB (>99%) committed 
      Class space:        1.00 GB reserved,       8.00 MB ( <1%) committed 
             Both:        1.06 GB reserved,      69.91 MB (  6%) committed 

Chunk freelists:
   Non-Class:  57.00 KB
       Class:  0 bytes
        Both:  57.00 KB

MaxMetaspaceSize: 17179869184.00 GB
CompressedClassSpaceSize: 1.00 GB
Initial GC threshold: 20.80 MB
Current GC threshold: 97.77 MB
CDS: off

CodeHeap 'non-profiled nmethods': size=120000Kb used=7472Kb max_used=7472Kb free=112527Kb
 bounds [0x000001e84dd30000, 0x000001e84e480000, 0x000001e855260000]
CodeHeap 'profiled nmethods': size=120000Kb used=39900Kb max_used=39900Kb free=80099Kb
 bounds [0x000001e846800000, 0x000001e848f00000, 0x000001e84dd30000]
CodeHeap 'non-nmethods': size=5760Kb used=1316Kb max_used=1393Kb free=4443Kb
 bounds [0x000001e846260000, 0x000001e8464d0000, 0x000001e846800000]
 total_blobs=13255 nmethods=12662 adapters=502
 compilation: enabled
              stopped_count=0, restarted_count=0
 full_count=0

Compilation events (20 events):
Event: 21.702 Thread 0x000001e86003c000 nmethod 12798 0x000001e848ed5010 code [0x000001e848ed51e0, 0x000001e848ed5528]
Event: 21.702 Thread 0x000001e86003c000 12803       3       org.jetbrains.kotlin.com.intellij.psi.impl.PsiManagerImpl::getModificationTracker (14 bytes)
Event: 21.703 Thread 0x000001e86003c000 nmethod 12803 0x000001e848ed5610 code [0x000001e848ed57c0, 0x000001e848ed5948]
Event: 21.703 Thread 0x000001e86003c000 12804       3       org.jetbrains.kotlin.com.intellij.psi.impl.PsiModificationTrackerImpl::getModificationCount (8 bytes)
Event: 21.703 Thread 0x000001e86003c000 nmethod 12804 0x000001e848ed5a10 code [0x000001e848ed5bc0, 0x000001e848ed5d88]
Event: 21.703 Thread 0x000001e86003c000 12799       1       org.jetbrains.kotlin.com.intellij.psi.impl.java.stubs.impl.PsiModifierListStubImpl::getModifiersMask (5 bytes)
Event: 21.703 Thread 0x000001e86003c000 nmethod 12799 0x000001e84e476810 code [0x000001e84e4769c0, 0x000001e84e476a78]
Event: 21.703 Thread 0x000001e86003c000 12800       3       java.util.stream.StreamSupport::stream (19 bytes)
Event: 21.703 Thread 0x000001e86003c000 nmethod 12800 0x000001e848ed5e90 code [0x000001e848ed6080, 0x000001e848ed64a8]
Event: 21.703 Thread 0x000001e86003c000 12801       3       java.util.stream.StreamOpFlag::fromCharacteristics (37 bytes)
Event: 21.704 Thread 0x000001e86003c000 nmethod 12801 0x000001e848ed6690 code [0x000001e848ed6860, 0x000001e848ed6b78]
Event: 21.704 Thread 0x000001e86003c000 12802       3       java.util.stream.ReferencePipeline$Head::<init> (8 bytes)
Event: 21.704 Thread 0x000001e86003c000 nmethod 12802 0x000001e848ed6c90 code [0x000001e848ed6e60, 0x000001e848ed6fe8]
Event: 21.704 Thread 0x000001e86003c000 12805       1       org.jetbrains.kotlin.load.java.lazy.JavaResolverComponents::getPackagePartProvider (5 bytes)
Event: 21.704 Thread 0x000001e86003c000 nmethod 12805 0x000001e84e476b10 code [0x000001e84e476cc0, 0x000001e84e476d78]
Event: 21.705 Thread 0x000001e86003c000 12806   !   3       org.jetbrains.kotlin.load.java.structure.impl.classFiles.BinaryJavaClass::<init> (229 bytes)
Event: 21.710 Thread 0x000001e86003c000 nmethod 12806 0x000001e848ed7110 code [0x000001e848ed77e0, 0x000001e848edb3e8]
Event: 21.710 Thread 0x000001e86003c000 12811       3       java.util.ArrayList::trimToSize (51 bytes)
Event: 21.711 Thread 0x000001e86003c000 nmethod 12811 0x000001e848edc890 code [0x000001e848edca60, 0x000001e848edcd48]
Event: 21.711 Thread 0x000001e86003c000 12807       3       org.jetbrains.kotlin.load.java.structure.impl.classFiles.BinaryJavaClass::visit (165 bytes)

GC Heap History (20 events):
Event: 2.746 GC heap before
{Heap before GC invocations=1 (full 0):
 garbage-first heap   total 192512K, used 44173K [0x0000000744600000, 0x0000000800000000)
  region size 1024K, 41 young (41984K), 3 survivors (3072K)
 Metaspace       used 20813K, capacity 21113K, committed 21248K, reserved 1069056K
  class space    used 2193K, capacity 2276K, committed 2304K, reserved 1048576K
}
Event: 2.759 GC heap after
{Heap after GC invocations=2 (full 0):
 garbage-first heap   total 192512K, used 10081K [0x0000000744600000, 0x0000000800000000)
  region size 1024K, 7 young (7168K), 7 survivors (7168K)
 Metaspace       used 20813K, capacity 21113K, committed 21248K, reserved 1069056K
  class space    used 2193K, capacity 2276K, committed 2304K, reserved 1048576K
}
Event: 5.328 GC heap before
{Heap before GC invocations=3 (full 0):
 garbage-first heap   total 192512K, used 66401K [0x0000000744600000, 0x0000000800000000)
  region size 1024K, 57 young (58368K), 7 survivors (7168K)
 Metaspace       used 32555K, capacity 32962K, committed 33280K, reserved 1079296K
  class space    used 3849K, capacity 4028K, committed 4096K, reserved 1048576K
}
Event: 5.357 GC heap after
{Heap after GC invocations=4 (full 0):
 garbage-first heap   total 192512K, used 20796K [0x0000000744600000, 0x0000000800000000)
  region size 1024K, 8 young (8192K), 8 survivors (8192K)
 Metaspace       used 32555K, capacity 32962K, committed 33280K, reserved 1079296K
  class space    used 3849K, capacity 4028K, committed 4096K, reserved 1048576K
}
Event: 6.158 GC heap before
{Heap before GC invocations=4 (full 0):
 garbage-first heap   total 192512K, used 34108K [0x0000000744600000, 0x0000000800000000)
  region size 1024K, 22 young (22528K), 8 survivors (8192K)
 Metaspace       used 34968K, capacity 35371K, committed 35584K, reserved 1081344K
  class space    used 4324K, capacity 4510K, committed 4608K, reserved 1048576K
}
Event: 6.204 GC heap after
{Heap after GC invocations=5 (full 0):
 garbage-first heap   total 192512K, used 24075K [0x0000000744600000, 0x0000000800000000)
  region size 1024K, 3 young (3072K), 3 survivors (3072K)
 Metaspace       used 34968K, capacity 35371K, committed 35584K, reserved 1081344K
  class space    used 4324K, capacity 4510K, committed 4608K, reserved 1048576K
}
Event: 10.048 GC heap before
{Heap before GC invocations=6 (full 0):
 garbage-first heap   total 192512K, used 86539K [0x0000000744600000, 0x0000000800000000)
  region size 1024K, 64 young (65536K), 3 survivors (3072K)
 Metaspace       used 46600K, capacity 47144K, committed 47232K, reserved 1091584K
  class space    used 5483K, capacity 5715K, committed 5760K, reserved 1048576K
}
Event: 10.063 GC heap after
{Heap after GC invocations=7 (full 0):
 garbage-first heap   total 192512K, used 28605K [0x0000000744600000, 0x0000000800000000)
  region size 1024K, 8 young (8192K), 8 survivors (8192K)
 Metaspace       used 46600K, capacity 47144K, committed 47232K, reserved 1091584K
  class space    used 5483K, capacity 5715K, committed 5760K, reserved 1048576K
}
Event: 11.472 GC heap before
{Heap before GC invocations=7 (full 0):
 garbage-first heap   total 192512K, used 103357K [0x0000000744600000, 0x0000000800000000)
  region size 1024K, 78 young (79872K), 8 survivors (8192K)
 Metaspace       used 52222K, capacity 52799K, committed 52864K, reserved 1095680K
  class space    used 6024K, capacity 6270K, committed 6272K, reserved 1048576K
}
Event: 11.499 GC heap after
{Heap after GC invocations=8 (full 0):
 garbage-first heap   total 192512K, used 40038K [0x0000000744600000, 0x0000000800000000)
  region size 1024K, 9 young (9216K), 9 survivors (9216K)
 Metaspace       used 52222K, capacity 52799K, committed 52864K, reserved 1095680K
  class space    used 6024K, capacity 6270K, committed 6272K, reserved 1048576K
}
Event: 13.675 GC heap before
{Heap before GC invocations=8 (full 0):
 garbage-first heap   total 192512K, used 113766K [0x0000000744600000, 0x0000000800000000)
  region size 1024K, 81 young (82944K), 9 survivors (9216K)
 Metaspace       used 58200K, capacity 58925K, committed 59136K, reserved 1101824K
  class space    used 6516K, capacity 6786K, committed 6912K, reserved 1048576K
}
Event: 13.708 GC heap after
{Heap after GC invocations=9 (full 0):
 garbage-first heap   total 231424K, used 52224K [0x0000000744600000, 0x0000000800000000)
  region size 1024K, 11 young (11264K), 11 survivors (11264K)
 Metaspace       used 58200K, capacity 58925K, committed 59136K, reserved 1101824K
  class space    used 6516K, capacity 6786K, committed 6912K, reserved 1048576K
}
Event: 14.371 GC heap before
{Heap before GC invocations=9 (full 0):
 garbage-first heap   total 231424K, used 94208K [0x0000000744600000, 0x0000000800000000)
  region size 1024K, 53 young (54272K), 11 survivors (11264K)
 Metaspace       used 58968K, capacity 59571K, committed 59648K, reserved 1101824K
  class space    used 6586K, capacity 6852K, committed 6912K, reserved 1048576K
}
Event: 14.400 GC heap after
{Heap after GC invocations=10 (full 0):
 garbage-first heap   total 231424K, used 60917K [0x0000000744600000, 0x0000000800000000)
  region size 1024K, 8 young (8192K), 8 survivors (8192K)
 Metaspace       used 58968K, capacity 59571K, committed 59648K, reserved 1101824K
  class space    used 6586K, capacity 6852K, committed 6912K, reserved 1048576K
}
Event: 15.267 GC heap before
{Heap before GC invocations=11 (full 0):
 garbage-first heap   total 231424K, used 135669K [0x0000000744600000, 0x0000000800000000)
  region size 1024K, 81 young (82944K), 8 survivors (8192K)
 Metaspace       used 60473K, capacity 61161K, committed 61220K, reserved 1103872K
  class space    used 6751K, capacity 7037K, committed 7040K, reserved 1048576K
}
Event: 15.283 GC heap after
{Heap after GC invocations=12 (full 0):
 garbage-first heap   total 231424K, used 63787K [0x0000000744600000, 0x0000000800000000)
  region size 1024K, 4 young (4096K), 4 survivors (4096K)
 Metaspace       used 60473K, capacity 61161K, committed 61220K, reserved 1103872K
  class space    used 6751K, capacity 7037K, committed 7040K, reserved 1048576K
}
Event: 19.199 GC heap before
{Heap before GC invocations=12 (full 0):
 garbage-first heap   total 231424K, used 152875K [0x0000000744600000, 0x0000000800000000)
  region size 1024K, 89 young (91136K), 4 survivors (4096K)
 Metaspace       used 66341K, capacity 67110K, committed 67364K, reserved 1110016K
  class space    used 7163K, capacity 7492K, committed 7552K, reserved 1048576K
}
Event: 19.223 GC heap after
{Heap after GC invocations=13 (full 0):
 garbage-first heap   total 231424K, used 76074K [0x0000000744600000, 0x0000000800000000)
  region size 1024K, 12 young (12288K), 12 survivors (12288K)
 Metaspace       used 66341K, capacity 67110K, committed 67364K, reserved 1110016K
  class space    used 7163K, capacity 7492K, committed 7552K, reserved 1048576K
}
Event: 21.425 GC heap before
{Heap before GC invocations=13 (full 0):
 garbage-first heap   total 231424K, used 157994K [0x0000000744600000, 0x0000000800000000)
  region size 1024K, 91 young (93184K), 12 survivors (12288K)
 Metaspace       used 68881K, capacity 69689K, committed 69796K, reserved 1112064K
  class space    used 7499K, capacity 7857K, committed 7936K, reserved 1048576K
}
Event: 21.454 GC heap after
{Heap after GC invocations=14 (full 0):
 garbage-first heap   total 231424K, used 85311K [0x0000000744600000, 0x0000000800000000)
  region size 1024K, 9 young (9216K), 9 survivors (9216K)
 Metaspace       used 68881K, capacity 69689K, committed 69796K, reserved 1112064K
  class space    used 7499K, capacity 7857K, committed 7936K, reserved 1048576K
}

Deoptimization events (20 events):
Event: 21.629 Thread 0x000001e84273b000 Uncommon trap: trap_request=0xffffffc6 fr.pc=0x000001e84e302ac0 relative=0x0000000000000100
Event: 21.629 Thread 0x000001e84273b000 Uncommon trap: reason=bimorphic_or_optimized_type_check action=maybe_recompile pc=0x000001e84e302ac0 method=org.jetbrains.kotlin.load.java.lazy.descriptors.LazyJavaClassMemberScope$computeMemberIndex$1.invoke(Lorg/jetbrains/kotlin/load/java/structure/Java
Event: 21.629 Thread 0x000001e84273b000 DEOPT PACKING pc=0x000001e84e302ac0 sp=0x0000008a7b6f8db0
Event: 21.629 Thread 0x000001e84273b000 DEOPT UNPACKING pc=0x000001e8462aa1af sp=0x0000008a7b6f8cc8 mode 2
Event: 21.629 Thread 0x000001e84273b000 Uncommon trap: trap_request=0xffffffc6 fr.pc=0x000001e84e302ac0 relative=0x0000000000000100
Event: 21.629 Thread 0x000001e84273b000 Uncommon trap: reason=bimorphic_or_optimized_type_check action=maybe_recompile pc=0x000001e84e302ac0 method=org.jetbrains.kotlin.load.java.lazy.descriptors.LazyJavaClassMemberScope$computeMemberIndex$1.invoke(Lorg/jetbrains/kotlin/load/java/structure/Java
Event: 21.629 Thread 0x000001e84273b000 DEOPT PACKING pc=0x000001e84e302ac0 sp=0x0000008a7b6f8db0
Event: 21.629 Thread 0x000001e84273b000 DEOPT UNPACKING pc=0x000001e8462aa1af sp=0x0000008a7b6f8cc8 mode 2
Event: 21.629 Thread 0x000001e84273b000 Uncommon trap: trap_request=0xffffffc6 fr.pc=0x000001e84e302ac0 relative=0x0000000000000100
Event: 21.629 Thread 0x000001e84273b000 Uncommon trap: reason=bimorphic_or_optimized_type_check action=maybe_recompile pc=0x000001e84e302ac0 method=org.jetbrains.kotlin.load.java.lazy.descriptors.LazyJavaClassMemberScope$computeMemberIndex$1.invoke(Lorg/jetbrains/kotlin/load/java/structure/Java
Event: 21.629 Thread 0x000001e84273b000 DEOPT PACKING pc=0x000001e84e302ac0 sp=0x0000008a7b6f8db0
Event: 21.629 Thread 0x000001e84273b000 DEOPT UNPACKING pc=0x000001e8462aa1af sp=0x0000008a7b6f8cc8 mode 2
Event: 21.630 Thread 0x000001e84273b000 Uncommon trap: trap_request=0xffffffde fr.pc=0x000001e84e30fcd0 relative=0x0000000000001550
Event: 21.630 Thread 0x000001e84273b000 Uncommon trap: reason=class_check action=maybe_recompile pc=0x000001e84e30fcd0 method=org.jetbrains.kotlin.load.java.lazy.descriptors.LazyJavaScope$declaredFunctions$1.invoke(Lorg/jetbrains/kotlin/name/Name;)Ljava/util/Collection; @ 89 c2
Event: 21.630 Thread 0x000001e84273b000 DEOPT PACKING pc=0x000001e84e30fcd0 sp=0x0000008a7b6f8e10
Event: 21.630 Thread 0x000001e84273b000 DEOPT UNPACKING pc=0x000001e8462aa1af sp=0x0000008a7b6f8e00 mode 2
Event: 21.652 Thread 0x000001e84273b000 Uncommon trap: trap_request=0xffffffde fr.pc=0x000001e84e1cc890 relative=0x00000000000001d0
Event: 21.652 Thread 0x000001e84273b000 Uncommon trap: reason=class_check action=maybe_recompile pc=0x000001e84e1cc890 method=org.jetbrains.kotlin.com.intellij.psi.impl.source.tree.CompositeElement.findChildByType(Lorg/jetbrains/kotlin/com/intellij/psi/tree/TokenSet;)Lorg/jetbrains/kotlin/com/i
Event: 21.653 Thread 0x000001e84273b000 DEOPT PACKING pc=0x000001e84e1cc890 sp=0x0000008a7b6f75a0
Event: 21.653 Thread 0x000001e84273b000 DEOPT UNPACKING pc=0x000001e8462aa1af sp=0x0000008a7b6f7568 mode 2

Classes redefined (0 events):
No events

Internal exceptions (20 events):
Event: 15.319 Thread 0x000001e84273b000 Implicit null exception at 0x000001e84e008a4c to 0x000001e84e01075c
Event: 15.319 Thread 0x000001e84273b000 Implicit null exception at 0x000001e84e008a4c to 0x000001e84e01075c
Event: 15.319 Thread 0x000001e84273b000 Implicit null exception at 0x000001e84e008a4c to 0x000001e84e01075c
Event: 15.319 Thread 0x000001e84273b000 Implicit null exception at 0x000001e84dfdad30 to 0x000001e84dfe0708
Event: 15.319 Thread 0x000001e84273b000 Implicit null exception at 0x000001e84dfb7f76 to 0x000001e84dfbbc88
Event: 15.349 Thread 0x000001e84273b000 Implicit null exception at 0x000001e84dfae462 to 0x000001e84dfae763
Event: 15.655 Thread 0x000001e84273b000 Exception <a 'java/lang/NoSuchMethodError'{0x0000000751ff5978}: 'java.lang.Object java.lang.invoke.Invokers$Holder.linkToTargetMethod(java.lang.Object, java.lang.Object, java.lang.Object, java.lang.Object, java.lang.Object, java.lang.Object, java.lang.Object)'> (0x0000000751ff5978) thrown at [./src/hotspot/share/interpreter/linkResolver.cpp, line 773]
Event: 15.731 Thread 0x000001e84273b000 Implicit null exception at 0x000001e84e140a7f to 0x000001e84e1466b8
Event: 15.737 Thread 0x000001e84273b000 Exception <a 'java/lang/NoSuchMethodError'{0x0000000751c86360}: 'java.lang.Object java.lang.invoke.DirectMethodHandle$Holder.invokeInterface(java.lang.Object, java.lang.Object, java.lang.Object)'> (0x0000000751c86360) thrown at [./src/hotspot/share/interpreter/linkResolver.cpp, line 773]
Event: 15.737 Thread 0x000001e84273b000 Exception <a 'java/lang/IncompatibleClassChangeError'{0x0000000751c89838}: Found class java.lang.Object, but interface was expected> (0x0000000751c89838) thrown at [./src/hotspot/share/interpreter/linkResolver.cpp, line 839]
Event: 15.830 Thread 0x000001e84273b000 Implicit null exception at 0x000001e84dd4c177 to 0x000001e84dd4c690
Event: 15.861 Thread 0x000001e84273b000 Implicit null exception at 0x000001e84dd4e574 to 0x000001e84dd4eaa0
Event: 16.093 Thread 0x000001e84273b000 Implicit null exception at 0x000001e84dd93075 to 0x000001e84dd93264
Event: 16.583 Thread 0x000001e84273b000 Exception <a 'java/lang/NoSuchMethodError'{0x0000000750df02a8}: 'int java.lang.invoke.DirectMethodHandle$Holder.invokeStaticInit(java.lang.Object, int)'> (0x0000000750df02a8) thrown at [./src/hotspot/share/interpreter/linkResolver.cpp, line 773]
Event: 18.425 Thread 0x000001e84273b000 Implicit null exception at 0x000001e84e07eefc to 0x000001e84e07ff70
Event: 21.280 Thread 0x000001e84273b000 Exception <a 'java/lang/NoSuchMethodError'{0x000000074dcb57e8}: 'int java.lang.invoke.DirectMethodHandle$Holder.invokeVirtual(java.lang.Object, java.lang.Object, java.lang.Object)'> (0x000000074dcb57e8) thrown at [./src/hotspot/share/interpreter/linkResolver.cpp, line 773]
Event: 21.483 Thread 0x000001e84273b000 Exception <a 'java/lang/NoSuchMethodError'{0x00000007527a5d90}: 'java.lang.Object java.lang.invoke.DirectMethodHandle$Holder.invokeSpecial(java.lang.Object, java.lang.Object, java.lang.Object, java.lang.Object, java.lang.Object, int)'> (0x00000007527a5d90) thrown at [./src/hotspot/share/interpreter/linkResolver.cpp, line 773]
Event: 21.484 Thread 0x000001e84273b000 Exception <a 'java/lang/NoSuchMethodError'{0x00000007527a9bd8}: 'java.lang.Object java.lang.invoke.Invokers$Holder.linkToTargetMethod(java.lang.Object, java.lang.Object, java.lang.Object, int, java.lang.Object)'> (0x00000007527a9bd8) thrown at [./src/hotspot/share/interpreter/linkResolver.cpp, line 773]
Event: 21.548 Thread 0x000001e84273b000 Exception <a 'java/lang/NoSuchMethodError'{0x0000000752559808}: 'void java.lang.invoke.DirectMethodHandle$Holder.invokeInterface(java.lang.Object, java.lang.Object)'> (0x0000000752559808) thrown at [./src/hotspot/share/interpreter/linkResolver.cpp, line 773]
Event: 21.621 Thread 0x000001e84273b000 Exception <a 'java/lang/IncompatibleClassChangeError'{0x0000000752343e68}: Found class java.lang.Object, but interface was expected> (0x0000000752343e68) thrown at [./src/hotspot/share/interpreter/linkResolver.cpp, line 839]

Events (20 events):
Event: 21.662 loading class org/jetbrains/kotlin/com/intellij/psi/scope/ElementClassHint$DeclarationKind
Event: 21.662 loading class org/jetbrains/kotlin/com/intellij/psi/scope/ElementClassHint$DeclarationKind done
Event: 21.662 loading class org/jetbrains/kotlin/com/intellij/psi/scope/ElementClassHint$DeclarationKind
Event: 21.662 loading class org/jetbrains/kotlin/com/intellij/psi/scope/ElementClassHint$DeclarationKind done
Event: 21.662 loading class org/jetbrains/kotlin/com/intellij/psi/scope/ElementClassHint
Event: 21.662 loading class org/jetbrains/kotlin/com/intellij/psi/scope/ElementClassHint done
Event: 21.662 loading class org/jetbrains/kotlin/com/intellij/codeInsight/completion/scope/JavaCompletionHints
Event: 21.662 loading class org/jetbrains/kotlin/com/intellij/codeInsight/completion/scope/JavaCompletionHints done
Event: 21.666 loading class org/jetbrains/kotlin/com/intellij/psi/search/PsiSearchScopeUtil
Event: 21.666 loading class org/jetbrains/kotlin/com/intellij/psi/search/PsiSearchScopeUtil done
Event: 21.667 loading class org/jetbrains/kotlin/com/intellij/psi/search/FileLanguageGlobalScope
Event: 21.667 loading class org/jetbrains/kotlin/com/intellij/psi/search/FileLanguageGlobalScope done
Event: 21.670 loading class org/jetbrains/kotlin/com/intellij/psi/impl/source/PsiFieldImpl$OurConstValueComputer
Event: 21.670 loading class org/jetbrains/kotlin/com/intellij/psi/impl/source/PsiFieldImpl$OurConstValueComputer done
Event: 21.671 loading class org/jetbrains/kotlin/com/intellij/util/containers/ConcurrentWeakHashMap$WeakKey
Event: 21.671 loading class org/jetbrains/kotlin/com/intellij/util/containers/ConcurrentWeakHashMap$WeakKey done
Event: 21.683 loading class org/jetbrains/org/objectweb/asm/Handle
Event: 21.683 loading class org/jetbrains/org/objectweb/asm/Handle done
Event: 21.711 Executing VM operation: ICBufferFull
Event: 21.711 Executing VM operation: ICBufferFull done


Dynamic libraries:
0x00007ff64e3e0000 - 0x00007ff64e3ea000 	C:\Program Files\Android\Android Studio\jre\bin\java.exe
0x00007ffa445d0000 - 0x00007ffa447c8000 	C:\WINDOWS\SYSTEM32\ntdll.dll
0x00007ffa42820000 - 0x00007ffa428df000 	C:\WINDOWS\System32\KERNEL32.DLL
0x00007ffa41e50000 - 0x00007ffa42122000 	C:\WINDOWS\System32\KERNELBASE.dll
0x00007ffa42290000 - 0x00007ffa42390000 	C:\WINDOWS\System32\ucrtbase.dll
0x00007ffa23660000 - 0x00007ffa23677000 	C:\Program Files\Android\Android Studio\jre\bin\VCRUNTIME140.dll
0x00007ffa23680000 - 0x00007ffa23699000 	C:\Program Files\Android\Android Studio\jre\bin\jli.dll
0x00007ffa43830000 - 0x00007ffa439cd000 	C:\WINDOWS\System32\USER32.dll
0x00007ffa425f0000 - 0x00007ffa42612000 	C:\WINDOWS\System32\win32u.dll
0x00007ffa25e90000 - 0x00007ffa2612a000 	C:\WINDOWS\WinSxS\amd64_microsoft.windows.common-controls_6595b64144ccf1df_6.0.19041.1110_none_60b5254171f9507e\COMCTL32.dll
0x00007ffa432d0000 - 0x00007ffa432fb000 	C:\WINDOWS\System32\GDI32.dll
0x00007ffa42620000 - 0x00007ffa426be000 	C:\WINDOWS\System32\msvcrt.dll
0x00007ffa42400000 - 0x00007ffa4250f000 	C:\WINDOWS\System32\gdi32full.dll
0x00007ffa41db0000 - 0x00007ffa41e4d000 	C:\WINDOWS\System32\msvcp_win.dll
0x00007ffa43f40000 - 0x00007ffa43f72000 	C:\WINDOWS\System32\IMM32.DLL
0x00007ffa21660000 - 0x00007ffa216fd000 	C:\Program Files\Android\Android Studio\jre\bin\msvcp140.dll
0x00007ff9c4930000 - 0x00007ff9c5432000 	C:\Program Files\Android\Android Studio\jre\bin\server\jvm.dll
0x00007ffa42760000 - 0x00007ffa4280e000 	C:\WINDOWS\System32\ADVAPI32.dll
0x00007ffa426c0000 - 0x00007ffa4275c000 	C:\WINDOWS\System32\sechost.dll
0x00007ffa433b0000 - 0x00007ffa434d5000 	C:\WINDOWS\System32\RPCRT4.dll
0x00007ffa43bb0000 - 0x00007ffa43bb8000 	C:\WINDOWS\System32\PSAPI.DLL
0x00007ffa37200000 - 0x00007ffa37227000 	C:\WINDOWS\SYSTEM32\WINMM.dll
0x00007ffa1d000000 - 0x00007ffa1d009000 	C:\WINDOWS\SYSTEM32\WSOCK32.dll
0x00007ffa34a20000 - 0x00007ffa34a2a000 	C:\WINDOWS\SYSTEM32\VERSION.dll
0x00007ffa439d0000 - 0x00007ffa43a3b000 	C:\WINDOWS\System32\WS2_32.dll
0x00007ffa40520000 - 0x00007ffa40532000 	C:\WINDOWS\SYSTEM32\kernel.appcore.dll
0x00007ffa371e0000 - 0x00007ffa371f1000 	C:\Program Files\Android\Android Studio\jre\bin\verify.dll
0x00007ffa3d1e0000 - 0x00007ffa3d3c4000 	C:\WINDOWS\SYSTEM32\DBGHELP.DLL
0x00007ffa1cee0000 - 0x00007ffa1cf0c000 	C:\WINDOWS\SYSTEM32\dbgcore.DLL
0x00007ffa41d20000 - 0x00007ffa41da2000 	C:\WINDOWS\System32\bcryptPrimitives.dll
0x00007ffa36980000 - 0x00007ffa369a9000 	C:\Program Files\Android\Android Studio\jre\bin\java.dll
0x00007ffa36970000 - 0x00007ffa3697b000 	C:\Program Files\Android\Android Studio\jre\bin\jimage.dll
0x00007ffa0b050000 - 0x00007ffa0b068000 	C:\Program Files\Android\Android Studio\jre\bin\zip.dll
0x00007ffa42990000 - 0x00007ffa430d3000 	C:\WINDOWS\System32\SHELL32.dll
0x00007ffa3c780000 - 0x00007ffa3cf12000 	C:\WINDOWS\SYSTEM32\windows.storage.dll
0x00007ffa43bc0000 - 0x00007ffa43f14000 	C:\WINDOWS\System32\combase.dll
0x00007ffa41730000 - 0x00007ffa41760000 	C:\WINDOWS\SYSTEM32\Wldp.dll
0x00007ffa428e0000 - 0x00007ffa4298d000 	C:\WINDOWS\System32\SHCORE.dll
0x00007ffa43fe0000 - 0x00007ffa44035000 	C:\WINDOWS\System32\shlwapi.dll
0x00007ffa41c10000 - 0x00007ffa41c2f000 	C:\WINDOWS\SYSTEM32\profapi.dll
0x00007ff9f77d0000 - 0x00007ff9f77ea000 	C:\Program Files\Android\Android Studio\jre\bin\net.dll
0x00007ffa2d340000 - 0x00007ffa2d44c000 	C:\WINDOWS\SYSTEM32\WINHTTP.dll
0x00007ffa41490000 - 0x00007ffa414fa000 	C:\WINDOWS\system32\mswsock.dll
0x00007ff9f7660000 - 0x00007ff9f7674000 	C:\Program Files\Android\Android Studio\jre\bin\nio.dll

dbghelp: loaded successfully - version: 4.0.5 - missing functions: none
symbol engine: initialized successfully - sym options: 0x614 - pdb path: .;C:\Program Files\Android\Android Studio\jre\bin;C:\WINDOWS\SYSTEM32;C:\WINDOWS\WinSxS\amd64_microsoft.windows.common-controls_6595b64144ccf1df_6.0.19041.1110_none_60b5254171f9507e;C:\Program Files\Android\Android Studio\jre\bin\server

VM Arguments:
java_command: org.jetbrains.kotlin.cli.jvm.K2JVMCompiler @C:\Users\Admin\Documents\Aut2022\LOG3900 - Projet devolution d'un logiciel\implementation\LOG3900-110\prototypeLeger\app\build\20221116_730855907174273203.compiler.options
java_class_path (initial): C:\Users\Admin\.gradle\caches\modules-2\files-2.1\org.jetbrains.kotlin\kotlin-compiler-embeddable\1.7.10\909803167c98606fcf22b4c848647c68e351d48d\kotlin-compiler-embeddable-1.7.10.jar;C:\Users\Admin\.gradle\caches\modules-2\files-2.1\org.jetbrains.kotlin\kotlin-reflect\1.7.10\165e600dfea6185cf5efa700756294cc4904dbeb\kotlin-reflect-1.7.10.jar;C:\Users\Admin\.gradle\caches\modules-2\files-2.1\org.jetbrains.kotlin\kotlin-stdlib\1.7.10\d2abf9e77736acc4450dc4a3f707fa2c10f5099d\kotlin-stdlib-1.7.10.jar;C:\Users\Admin\.gradle\caches\modules-2\files-2.1\org.jetbrains.kotlin\kotlin-script-runtime\1.7.10\c99c87a6988d8fd8d5142e9ed5c9f34a7cf561ee\kotlin-script-runtime-1.7.10.jar;C:\Users\Admin\.gradle\caches\modules-2\files-2.1\org.jetbrains.kotlin\kotlin-daemon-embeddable\1.7.10\3a9f7aef7080d3ae63126cbba4f827ed664f32fa\kotlin-daemon-embeddable-1.7.10.jar;C:\Users\Admin\.gradle\caches\modules-2\files-2.1\org.jetbrains.intellij.deps\trove4j\1.0.20200330\3afb14d5f9ceb459d724e907a21145e8ff394f02\trove4j-1.0.20200330.jar;C:\Users\Admin\.gradle\caches\modules-2\files-2.1\net.java.dev.jna\jna\5.6.0\330f2244e9030119ab3030fc3fededc86713d9cc\jna-5.6.0.jar;C:\Users\Admin\.gradle\caches\modules-2\files-2.1\org.jetbrains.kotlin\kotlin-stdlib-common\1.7.10\bac80c520d0a9e3f3673bc2658c6ed02ef45a76a\kotlin-stdlib-common-1.7.10.jar;C:\Users\Admin\.gradle\caches\modules-2\files-2.1\org.jetbrains\annotations\13.0\919f0dfe192fb4e063e7dacadee7f8bb9a2672a9\annotations-13.0.jar
Launcher Type: SUN_STANDARD

[Global flags]
     intx CICompilerCount                          = 4                                         {product} {ergonomic}
     uint ConcGCThreads                            = 2                                         {product} {ergonomic}
     uint G1ConcRefinementThreads                  = 8                                         {product} {ergonomic}
   size_t G1HeapRegionSize                         = 1048576                                   {product} {ergonomic}
    uintx GCDrainStackTargetSize                   = 64                                        {product} {ergonomic}
   size_t InitialHeapSize                          = 197132288                                 {product} {ergonomic}
   size_t MarkStackSize                            = 4194304                                   {product} {ergonomic}
   size_t MaxHeapSize                              = 3147825152                                {product} {ergonomic}
   size_t MaxNewSize                               = 1888485376                                {product} {ergonomic}
   size_t MinHeapDeltaBytes                        = 1048576                                   {product} {ergonomic}
    uintx NonNMethodCodeHeapSize                   = 5836300                                {pd product} {ergonomic}
    uintx NonProfiledCodeHeapSize                  = 122910970                              {pd product} {ergonomic}
    uintx ProfiledCodeHeapSize                     = 122910970                              {pd product} {ergonomic}
    uintx ReservedCodeCacheSize                    = 251658240                              {pd product} {ergonomic}
     bool SegmentedCodeCache                       = true                                      {product} {ergonomic}
     bool UseCompressedClassPointers               = true                                 {lp64_product} {ergonomic}
     bool UseCompressedOops                        = true                                 {lp64_product} {ergonomic}
     bool UseG1GC                                  = true                                      {product} {ergonomic}
     bool UseLargePagesIndividualAllocation        = false                                  {pd product} {ergonomic}

Logging:
Log output configuration:
 #0: stdout all=warning uptime,level,tags
 #1: stderr all=off uptime,level,tags

Environment Variables:
JAVA_HOME=C:\Program Files (x86)\Java\jdk1.8.0_341
PATH=C:\Program Files\Common Files\Oracle\Java\javapath;C:\Program Files (x86)\Common Files\Oracle\Java\javapath;C:\Program Files\nodejs;C:\Program Files\nodejs\;C:\Gradle\gradle-7.4.2\bin;C:\Program Files\PuTTY\;C:\Users\Admin\AppData\Local\Programs\Python\Python310\Scripts\;C:\Users\Admin\AppData\Local\Programs\Python\Python310\;C:\Users\Admin\AppData\Roaming\npm;C:\Program Files\JetBrains\PyCharm Community Edition 2021.3.3\bin;;C:\Gradle\gradle-7.4.2\bin;C:\Users\Admin\AppData\Local\Programs\Microsoft VS Code\bin
USERNAME=Admin
OS=Windows_NT
PROCESSOR_IDENTIFIER=Intel64 Family 6 Model 142 Stepping 12, GenuineIntel



---------------  S Y S T E M  ---------------

OS: Windows 10 , 64 bit Build 19041 (10.0.19041.2251)
OS uptime: 2 days 2:00 hours

CPU:total 8 (initial active 8) (4 cores per cpu, 2 threads per core) family 6 model 142 stepping 12 microcode 0xc6, cmov, cx8, fxsr, mmx, sse, sse2, sse3, ssse3, sse4.1, sse4.2, popcnt, avx, avx2, aes, clmul, erms, 3dnowpref, lzcnt, ht, tsc, tscinvbit, bmi1, bmi2, adx, fma

Memory: 4k page, system-wide physical 12004M (797M free)
TotalPageFile size 30004M (AvailPageFile size 8M)
current process WorkingSet (physical memory assigned to process): 436M, peak: 436M
current process commit charge ("private bytes"): 498M, peak: 504M

vm_info: OpenJDK 64-Bit Server VM (11.0.13+0-b1751.21-8125866) for windows-amd64 JRE (11.0.13+0-b1751.21-8125866), built on Feb  2 2022 03:00:22 by "builder" with MS VC++ 14.0 (VS2015)

END.
